<?xml version="1.0" encoding="UTF-8"?>
<testng-results ignored="0" total="1" passed="1" failed="0" skipped="0">
  <reporter-output>
  </reporter-output>
  <suite started-at="2023-06-25T15:52:48 ICT" name="Surefire suite" finished-at="2023-06-25T15:52:52 ICT" duration-ms="3588">
    <groups>
    </groups>
    <test started-at="2023-06-25T15:52:48 ICT" name="Surefire test" finished-at="2023-06-25T15:52:52 ICT" duration-ms="3588">
      <class name="web_saucedemo.tests.testng.testcases.TC001_AddToCart_Checkout">
        <test-method is-config="true" signature="setup()[pri:0, instance:web_saucedemo.tests.testng.testcases.TC001_AddToCart_Checkout@1ba9117e]" started-at="2023-06-25T15:52:48 ICT" name="setup" finished-at="2023-06-25T15:52:51 ICT" duration-ms="2458" status="PASS">
          <reporter-output>
          </reporter-output>
        </test-method> <!-- setup -->
        <test-method signature="TC001_AddToCart_Checkout()[pri:0, instance:web_saucedemo.tests.testng.testcases.TC001_AddToCart_Checkout@1ba9117e]" started-at="2023-06-25T15:52:51 ICT" name="TC001_AddToCart_Checkout" finished-at="2023-06-25T15:52:52 ICT" duration-ms="902" status="PASS">
          <reporter-output>
          </reporter-output>
        </test-method> <!-- TC001_AddToCart_Checkout -->
        <test-method is-config="true" signature="tearDown()[pri:0, instance:web_saucedemo.tests.testng.testcases.TC001_AddToCart_Checkout@1ba9117e]" started-at="2023-06-25T15:52:52 ICT" name="tearDown" finished-at="2023-06-25T15:52:52 ICT" duration-ms="192" status="PASS">
          <reporter-output>
          </reporter-output>
        </test-method> <!-- tearDown -->
      </class> <!-- web_saucedemo.tests.testng.testcases.TC001_AddToCart_Checkout -->
    </test> <!-- Surefire test -->
  </suite> <!-- Surefire suite -->
</testng-results>
